 91408    100170.00000    297.05000 
 94610    101400.00000    289.55000 
 94975    100000.00000    286.65000 
 71836    ************ ************ 
 91212    100210.00000    299.05000 
 70026    100000.00000    267.32000 
 47918    101640.00000    297.05000 
 71924    100150.00000    256.75000 
 01004    101329.00000    260.46000 
 72365     83720.00000    278.95000 
 72293    100000.00000    285.65000 
 94461    100000.00000    296.95000 
 72681    100000.00000    280.25000 
 72456    100000.00000    276.95000 
 94302    100760.00000    296.55000 
 16064    100229.00000    294.35000 
 71816    ************ ************ 
 70316    100000.00000    277.25000 
 72493    101820.00000    283.05000 
 72776     88140.00000    274.35000 
 72747     97170.00000    273.65000 
 70326    100000.00000    276.65000 
 71964     90490.00000    269.35000 
 47102    102200.00000    284.94000 
 70261    100000.00000    263.85000 
 72261    100000.00000    283.15000 
 94672    100720.00000    288.55000 
 01241    100893.00000    282.90000 
 16045    101589.00000    294.35000 
 71815    101090.00000    285.75000 
 70273    100000.00000    269.35000 
 01001    100974.00000    272.65000 
 94120    100350.00000    302.85000 
 91165    101740.00000    297.55000 
 72501    100960.00000    290.55000 
 72317     97880.00000    287.15000 
 72251    101440.00000    283.75000 
 02365    100932.00000    281.69000 
 08190    101060.00000    299.56000 
 01415    100707.00000    285.35000 
 16429    102189.00000    298.15000 
 72572     86870.00000    279.45000 
 71811    ************ ************ 
 70219    100000.00000    271.25000 
 70350    100000.00000    280.55000 
 72672     82570.00000    271.75000 
 72659     96950.00000    266.75000 
 94866    100000.00000    290.15000 
 70231    100000.00000    268.15000 
 72265     91530.00000    282.15000 
 70308    100410.00000    275.65000 
 61998     99810.00000    283.69000 
 08430    101310.00000    299.25000 
 01010    100597.00000    276.45000 
 08302    101460.00000    303.75000 
 08522    100810.00000    297.25000 
 72248    100730.00000    281.45000 
 72712     99390.00000    289.35000 
 72797    100820.00000    281.25000 
 72206    101110.00000    290.15000 
 72235    100540.00000    280.35000 
 71802    ************ ************ 
 72340     99660.00000    280.85000 
 87418    100000.00000    289.75000 
 87715    100000.00000    287.75000 
 74455     98750.00000    274.95000 
 70200    100000.00000    270.75000 
 72649     98120.00000    275.45000 
 71722     98550.00000    283.95000 
 74560     99070.00000    278.15000 
 76405    101180.00000    293.95000 
 47646    102400.00000    282.25000 
 72388     93300.00000    283.85000 
 47827    101970.00000    292.65000 
 94998    101430.00000    275.06000 
 94299    100830.00000    300.05000 
 71945     95710.00000    267.45000 
 01028    100750.00000    272.65000 
 73110    101490.00000    288.05000 
 47401    102560.00000    281.95000 
 47186    100000.00000    287.58000 
 72202    101250.00000    294.45000 
 72476     85230.00000    276.45000 
 72694    101130.00000    280.75000 
 47104    101480.00000    284.50000 
 03953    100000.00000    287.75000 
 72528    100000.00000    286.55000 
 61901    100000.00000    292.85000 
 72489     84760.00000    278.75000 
 71109    101280.00000    279.35000 
 71926    100350.00000    263.45000 
 47582    102650.00000    282.15000 
 76692    101110.00000    296.55000 
 76654    101120.00000    298.75000 
 72327     99110.00000    282.85000 
 72249    100000.00000    282.25000 
 91592    100280.00000    296.17000 
 87344    100000.00000    289.55000 
 76458    101240.00000    296.95000 
 72632    100000.00000    287.35000 
 08023    100995.00000    297.25000 
 72210    101140.00000    292.05000 
 72402    101000.00000    287.75000 
 73033     96250.00000    278.85000 
 76743    101120.00000    299.35000 
 07145     99780.00000    292.95000 
 02836    100000.00000    272.20000 
 72215     98330.00000    285.75000 
 76526     77820.00000    284.85000 
 72764     95510.00000    269.85000 
 91285    101850.00000    295.65000 
 16332    101609.00000    296.25000 
 47412    102570.00000    279.25000 
 72364     87530.00000    279.45000 
 71913    100610.00000    269.25000 
 74389     99990.00000    288.75000 
 47741    102290.00000    285.65000 
 02963    100000.00000    284.21000 
 01492    100191.00000    278.93000 
 71867     98010.00000    270.35000 
 47138    102550.00000    287.65000 
 72558     97690.00000    275.85000 
 47909    100000.00000    293.15000 
 72230     99340.00000    282.55000 
 47945    101640.00000    297.85000 
 72768     93140.00000    274.65000 
 72440     97160.00000    278.35000 
 07110    100140.00000    291.05000 
 72240    101600.00000    282.75000 
 91938    101200.00000    299.40000 
 72582     83740.00000    271.25000 
 71043     98700.00000    264.25000 
 08383    101520.00000    298.05000 
 47155    102160.00000    287.75000 
 91348    100590.00000    299.05000 
 08001    100000.00000    292.85000 
 71925    100780.00000    254.55000 
 47991    101710.00000    301.15000 
 71908    ************ ************ 
 70361    100000.00000    274.35000 
 72208    100970.00000    290.35000 
 71957    ************ ************ 
 47169    101630.00000    288.05000 
 72518    100040.00000    290.75000 
 71823     96790.00000    286.55000 
 71917    ************ ************ 
 07761    102130.00000    297.85000 
 60018    100360.00000    295.85000 
 72363     89170.00000    277.35000 
 72426     96820.00000    286.05000 
 72662     89760.00000    276.85000 
 72562     91980.00000    271.15000 
 87155    100000.00000    300.85000 
 71909     98850.00000    273.85000 
 71603    ************ ************ 
 72305    101070.00000    289.55000 
 72318     93700.00000    284.95000 
 72786     92430.00000    277.65000 
 70398    100000.00000    279.95000 
 07645    101410.00000    296.65000 
 71906     99390.00000    285.65000 
 71119     91570.00000    269.05000 
 72357    100000.00000    279.55000 
 47600    102590.00000    281.75000 
 72645     98560.00000    278.15000 
 71845    ************ ************ 
 03808    100000.00000    289.35000 
 87582    100350.00000    291.87000 
 47678    100600.00000    289.65000 
 72634     95280.00000    277.65000 
 94998    ************ ************ 
 94866    100000.00000    290.16000 
 94975    100000.00000    286.56000 
 94120    ************ ************ 
 94299    ************ ************ 
 94302    ************ ************ 
 94461      8850.00000    200.86000 
 94610      9750.00000    210.66000 
 94672      9400.00000    216.86000 
 71082    100930.00000    249.05000 
 03005    100000.00000    284.05000 
 72376     78230.00000    267.65000 
 70261    ************ ************ 
 70219    ************ ************ 
 70326    ************ ************ 
 91165    ************ ************ 
 91285    ************ ************ 
 70200    ************ ************ 
 70273    ************ ************ 
 70398    ************ ************ 
 70350    ************ ************ 
 70361    ************ ************ 
 87860    100000.00000    288.15000 
 07510    101260.00000    294.82000 
 51076     93490.00000    282.25000 
 52681     86560.00000    285.95000 
 52866     76450.00000    279.45000 
 53915     85770.00000    285.05000 
 54374     97980.00000    283.05000 
 54662    101540.00000    286.85000 
 54857    101600.00000    288.65000 
 57178    100080.00000    286.85000 
 57516     95540.00000    288.05000 
 57749     98430.00000    290.45000 
 57972     97210.00000    299.05000 
 58150    102360.00000    289.25000 
 58457    101590.00000    291.95000 
 58847    100590.00000    294.45000 
 59316    101610.00000    296.25000 
 08508    100000.00000    291.75000 
 50557     99810.00000    276.15000 
 50953    101070.00000    276.65000 
 53068     91920.00000    275.25000 
 53513     90430.00000    284.15000 
 54102     91530.00000    271.95000 
 54161     99770.00000    278.35000 
 54292     99140.00000    282.95000 
 56080     71810.00000    280.45000 
 57957     99450.00000    301.05000 
 57993     99870.00000    299.25000 
 58027    101850.00000    289.05000 
 58424    101360.00000    288.05000 
 58606    101200.00000    294.55000 
 59211     99160.00000    299.15000 
 76805    101020.00000    300.15000 
 50527     95300.00000    270.75000 
 50774     98790.00000    274.15000 
 51828     86350.00000    289.85000 
 52418     88820.00000    285.15000 
 52818     72370.00000    282.95000 
 53614     89440.00000    287.15000 
 52267     91320.00000    284.05000 
 52323     82570.00000    282.15000 
 54135    100730.00000    282.05000 
 47678      8070.00000    202.25000 
 47741      8100.00000    207.25000 
 47807      6110.00000    205.45000 
 47827      9140.00000    206.45000 
 47918      9320.00000    197.25000 
 47971      9470.00000    199.85000 
 47991      7490.00000    198.25000 
 47412      8590.00000    217.05000 
 47582      8660.00000    210.05000 
 55299     58780.00000    274.15000 
 55591     65330.00000    283.75000 
 56137     68140.00000    282.55000 
 56691     77980.00000    287.25000 
 57541     94990.00000    287.85000 
 58203    101930.00000    287.85000 
 59265    100060.00000    299.65000 
 57494    101790.00000    288.15000 
 57687    100440.00000    289.85000 
 57816     87960.00000    288.85000 
 58238    101800.00000    287.85000 
 59280    100510.00000    299.55000 
 59431     99610.00000    299.45000 
 51463     91290.00000    281.85000 
 52533     85450.00000    281.45000 
 52983     81430.00000    283.65000 
 53463     89430.00000    280.75000 
 54218     95280.00000    276.55000 
 54727     99330.00000    287.95000 
 57083    101000.00000    289.05000 
 47401    102600.00000    281.95000 
 47600    102600.00000    281.75000 
 47945    101600.00000    297.75000 
 47646    102400.00000    282.15000 
 91680    ************ ************ 
 47909      8120.00000    202.25000 
 91376    100850.00000    300.45000 
 56146     67680.00000    280.65000 
 56571     83870.00000    294.95000 
 59758    100680.00000    298.15000 
 59981    101070.00000    300.65000 
 51431     94590.00000    282.85000 
 58633    100950.00000    291.75000 
 58665    102010.00000    293.65000 
 51644     89400.00000    286.95000 
 59134    100050.00000    295.35000 
 51709     86270.00000    290.35000 
 58725     99130.00000    293.25000 
 52836     69180.00000    280.15000 
 56029     65030.00000    276.25000 
 51777     91380.00000    290.25000 
 53772     93280.00000    284.25000 
 53845     88780.00000    287.25000 
 54511    102220.00000    288.95000 
 57127     96070.00000    288.25000 
 57131     97400.00000    287.25000 
 56187     95420.00000    290.95000 
 58362    102190.00000    291.75000 
 51839     85870.00000    290.75000 
 52203     93100.00000    283.85000 
 57461     99120.00000    286.75000 
 56985     86980.00000    294.25000 
 56739     83240.00000    290.25000 
 56778     81350.00000    291.95000 
 56964     86020.00000    293.65000 
 XKQLWQB  101200.00000    290.15000 
 JGQH     102070.00000    296.25000 
 JGQH     102100.00000    296.15000 
 10954     38827.00000    241.16000 
 93844     85628.00000    279.00000 
 93112     98314.00000    286.13000 
 10393     17368.00000    212.73000 
 89002     98830.00000    261.46000 
 10771     79026.00000    278.06000 
 01415     67526.00000    268.93000 
 DRP99A     7270.00000    213.09000 
 08522      7270.00000    213.09000 
 01010     77774.00000    265.32000 
 10238     78394.00000    275.92000 
 01004     51658.00000    235.90000 
 01241     65632.00000    262.78000 
 01028     89534.00000    263.57000 
 10618     32365.00000    233.19000 
 12982     79484.00000    276.77000 
 01001     95661.00000    272.29000 
 10739     69811.00000    271.42000 
 16064     81037.00000    284.88000 
 02365     90977.00000    278.78000 
 08302     74271.00000    282.93000 
 16045     69839.00000    274.60000 
 11520     69505.00000    271.49000 
 10410     29272.00000    227.55000 
 10113     72394.00000    271.60000 
 16332     89878.00000    291.90000 
 08023     99981.00000    294.93000 
 06610     38920.00000    244.10000 
 10548     63611.00000    268.33000 
 16245     53084.00000    261.74000 
 10184     50911.00000    255.93000 
 16429     84135.00000    290.37000 
 10035     75500.00000    275.12000 
 81405     97319.00000    298.35000 
